{
  "RSpec": {
    "coverage": {
      "/Users/like-a-rolling_stone/resource/KotlinJsonUI/kjui_tools/lib/compose/data_model_updater.rb": {
        "lines": [
          null,
          null,
          1,
          1,
          1,
          1,
          1,
          1,
          1,
          null,
          1,
          1,
          1,
          1,
          50,
          50,
          50,
          50,
          50,
          50,
          50,
          null,
          null,
          1,
          null,
          8,
          0,
          0,
          0,
          null,
          null,
          null,
          8,
          null,
          9,
          null,
          null,
          8,
          8,
          8,
          null,
          null,
          null,
          null,
          1,
          null,
          1,
          8,
          8,
          null,
          null,
          8,
          null,
          null,
          8,
          null,
          null,
          8,
          null,
          null,
          null,
          8,
          null,
          null,
          8,
          null,
          null,
          1,
          23,
          null,
          22,
          8,
          null,
          null,
          null,
          22,
          7,
          5,
          7,
          null,
          null,
          2,
          null,
          null,
          1,
          1,
          2,
          null,
          null,
          null,
          23,
          null,
          null,
          1,
          13,
          null,
          13,
          null,
          null,
          12,
          5,
          4,
          5,
          null,
          6,
          null,
          5,
          5,
          null,
          null,
          null,
          1,
          null,
          1,
          10,
          null,
          4,
          1,
          3,
          1,
          2,
          1,
          null,
          1,
          null,
          null,
          4,
          null,
          null,
          null,
          null,
          null,
          null,
          null,
          null,
          null,
          null,
          12,
          4,
          3,
          4,
          null,
          4,
          null,
          null,
          1,
          null,
          null,
          0,
          0,
          0,
          null,
          0,
          null,
          null,
          null,
          12,
          null,
          null,
          1,
          null,
          8,
          null,
          null,
          8,
          null,
          8,
          null,
          0,
          0,
          null,
          0,
          null,
          null,
          0,
          null,
          0,
          null,
          null,
          8,
          8,
          null,
          8,
          null,
          8,
          null,
          null,
          null,
          null,
          8,
          null,
          null,
          8,
          8,
          null,
          null,
          1,
          null,
          10,
          10,
          null,
          null,
          9,
          0,
          null,
          null,
          null,
          1,
          2,
          2,
          1,
          null,
          null,
          null,
          null,
          null,
          1,
          13,
          null,
          null,
          null,
          null,
          null,
          null,
          null,
          null,
          25,
          1,
          null,
          null,
          13,
          null,
          13,
          5,
          5,
          null,
          null,
          8,
          12,
          12,
          12,
          null,
          null,
          12,
          null,
          1,
          0,
          null,
          1,
          null,
          null,
          11,
          11,
          null,
          null,
          null,
          12,
          12,
          null,
          null,
          null,
          13,
          null,
          null,
          13,
          13,
          13,
          13,
          null,
          13,
          8,
          12,
          12,
          12,
          null,
          null,
          12,
          null,
          12,
          null,
          8,
          null,
          1,
          null,
          0,
          null,
          1,
          null,
          1,
          null,
          1,
          null,
          0,
          null,
          0,
          null,
          0,
          null,
          null,
          0,
          null,
          null,
          12,
          12,
          null,
          null,
          5,
          null,
          null,
          13,
          13,
          13,
          null,
          null,
          13,
          13,
          13,
          13,
          null,
          null,
          13,
          8,
          8,
          8,
          12,
          12,
          null,
          null,
          12,
          1,
          null,
          11,
          null,
          null,
          null,
          null,
          null,
          13,
          2,
          2,
          2,
          2,
          4,
          null,
          2,
          null,
          null,
          13,
          3,
          null,
          null,
          13,
          13,
          13,
          13,
          13,
          null,
          null,
          1,
          38,
          null,
          17,
          null,
          3,
          null,
          1,
          null,
          3,
          null,
          4,
          null,
          1,
          null,
          3,
          null,
          null,
          1,
          null,
          null,
          1,
          null,
          null,
          1,
          null,
          null,
          1,
          null,
          null,
          1,
          null,
          null,
          1,
          null,
          null,
          null,
          1,
          29,
          null,
          null,
          8,
          null,
          null,
          4,
          3,
          null,
          1,
          null,
          null,
          null,
          3,
          null,
          null,
          1,
          null,
          null,
          3,
          null,
          null,
          5,
          2,
          3,
          1,
          2,
          null,
          0,
          0,
          0,
          0,
          0,
          0,
          0,
          0,
          0,
          0,
          0,
          null,
          null,
          2,
          null,
          null,
          null,
          1,
          1,
          null,
          0,
          null,
          null,
          null,
          2,
          1,
          1,
          1,
          null,
          0,
          null,
          null,
          null,
          2,
          1,
          1,
          1,
          null,
          0,
          null,
          null,
          null,
          0,
          null,
          null,
          null,
          1,
          null,
          11,
          null,
          null,
          11,
          null,
          null,
          null,
          null
        ]
      },
      "/Users/like-a-rolling_stone/resource/KotlinJsonUI/kjui_tools/lib/core/config_manager.rb": {
        "lines": [
          null,
          null,
          1,
          1,
          null,
          1,
          1,
          1,
          1,
          null,
          null,
          1,
          null,
          null,
          null,
          null,
          null,
          null,
          null,
          null,
          null,
          null,
          null,
          null,
          null,
          null,
          null,
          null,
          null,
          null,
          null,
          1,
          1,
          0,
          null,
          0,
          null,
          0,
          null,
          0,
          0,
          null,
          0,
          0,
          null,
          null,
          0,
          null,
          null,
          null,
          0,
          null,
          null,
          null,
          1,
          null,
          0,
          null,
          null,
          0,
          null,
          0,
          0,
          null,
          null,
          null,
          0,
          0,
          0,
          0,
          0,
          null,
          null,
          null,
          null,
          null,
          1,
          0,
          null,
          null,
          null,
          1,
          0,
          0,
          0,
          null,
          0,
          null,
          null,
          null,
          null,
          1,
          0,
          null,
          null,
          1,
          0,
          0,
          null,
          0,
          0,
          0,
          null,
          null,
          0,
          null,
          null,
          1,
          0,
          0,
          null,
          0,
          0,
          0,
          0,
          null,
          null,
          0,
          0,
          null,
          null,
          1,
          null,
          0,
          0,
          null,
          0,
          null,
          0,
          0,
          0,
          0,
          0,
          null,
          null,
          null,
          null,
          0,
          null,
          null,
          null,
          0,
          null,
          null,
          1,
          0,
          null,
          0,
          null,
          0,
          null,
          0,
          null,
          0,
          null,
          0,
          null,
          null,
          null,
          1,
          0,
          null,
          null,
          1,
          0,
          null,
          null,
          1,
          0,
          null,
          null,
          1,
          0,
          null,
          null,
          1,
          0,
          null,
          null,
          1,
          0,
          null,
          null,
          1,
          0,
          0,
          0,
          null,
          0,
          null,
          null,
          null,
          null,
          null,
          null
        ]
      },
      "/Users/like-a-rolling_stone/resource/KotlinJsonUI/kjui_tools/lib/core/project_finder.rb": {
        "lines": [
          null,
          null,
          1,
          1,
          null,
          1,
          1,
          1,
          1,
          1,
          null,
          1,
          0,
          0,
          null,
          null,
          1,
          null,
          0,
          null,
          null,
          0,
          null,
          null,
          0,
          0,
          null,
          null,
          0,
          null,
          null,
          1,
          null,
          0,
          0,
          null,
          null,
          0,
          0,
          null,
          null,
          null,
          null,
          1,
          null,
          0,
          null,
          null,
          null,
          null,
          null,
          null,
          0,
          null,
          0,
          0,
          0,
          null,
          null,
          null,
          0,
          0,
          null,
          0,
          0,
          0,
          null,
          0,
          null,
          null,
          null,
          null,
          0,
          null,
          null,
          1,
          0,
          null,
          null,
          1,
          0,
          null,
          null,
          1,
          null,
          0,
          null,
          null,
          null,
          null,
          null,
          0,
          null,
          0,
          0,
          0,
          0,
          null,
          0,
          0,
          null,
          null,
          null,
          null,
          null,
          0,
          0,
          0,
          null,
          0,
          0,
          null,
          null,
          0,
          0,
          null,
          null,
          null,
          null,
          0,
          null,
          null,
          1,
          null,
          1,
          null,
          0,
          null,
          null,
          null,
          null,
          null,
          null,
          null,
          null,
          null,
          0,
          null,
          null,
          null,
          null,
          null
        ]
      },
      "/Users/like-a-rolling_stone/resource/KotlinJsonUI/kjui_tools/lib/core/type_converter.rb": {
        "lines": [
          null,
          null,
          1,
          1,
          null,
          null,
          1,
          null,
          1,
          null,
          null,
          1,
          null,
          null,
          1,
          null,
          null,
          null,
          null,
          null,
          null,
          null,
          null,
          null,
          null,
          null,
          null,
          null,
          null,
          null,
          null,
          null,
          null,
          null,
          null,
          null,
          null,
          null,
          null,
          null,
          null,
          1,
          null,
          null,
          null,
          null,
          null,
          null,
          1,
          null,
          null,
          null,
          null,
          null,
          null,
          null,
          null,
          null,
          null,
          null,
          null,
          1,
          null,
          null,
          null,
          null,
          null,
          null,
          null,
          null,
          null,
          1,
          10,
          null,
          null,
          0,
          0,
          null,
          null,
          0,
          0,
          0,
          null,
          null,
          0,
          0,
          null,
          null,
          null,
          0,
          null,
          null,
          0,
          null,
          null,
          null,
          null,
          null,
          null,
          null,
          1,
          5,
          null,
          5,
          null,
          null,
          5,
          0,
          0,
          null,
          null,
          null,
          5,
          0,
          0,
          0,
          null,
          null,
          null,
          5,
          0,
          0,
          0,
          null,
          null,
          0,
          0,
          null,
          null,
          null,
          null,
          5,
          0,
          0,
          0,
          null,
          null,
          0,
          0,
          null,
          null,
          null,
          null,
          5,
          0,
          0,
          0,
          null,
          null,
          0,
          0,
          null,
          null,
          null,
          null,
          5,
          0,
          null,
          null,
          null,
          5,
          null,
          null,
          null,
          null,
          null,
          1,
          0,
          null,
          0,
          null,
          null,
          null,
          null,
          null,
          1,
          0,
          null,
          null,
          null,
          null,
          null,
          null,
          1,
          0,
          null,
          0,
          null,
          0,
          null,
          0,
          null,
          0,
          null,
          0,
          null,
          0,
          null,
          0,
          null,
          0,
          null,
          null,
          null,
          null,
          null,
          null,
          null,
          1,
          5,
          null,
          5,
          null,
          null,
          5,
          5,
          5,
          null,
          null,
          null,
          5,
          5,
          null,
          null,
          5,
          null,
          null,
          null,
          null,
          null,
          null,
          1,
          0,
          null,
          0,
          null,
          null,
          1,
          null,
          1,
          0,
          null,
          0,
          0,
          0,
          null,
          0,
          0,
          null,
          0,
          null,
          null,
          null,
          1,
          0,
          null,
          null,
          1,
          0,
          0,
          0,
          0,
          0,
          0,
          null,
          0,
          null,
          null,
          0,
          null,
          null,
          null,
          null,
          null,
          null
        ]
      },
      "/Users/like-a-rolling_stone/resource/KotlinJsonUI/kjui_tools/lib/compose/style_loader.rb": {
        "lines": [
          null,
          null,
          1,
          1,
          1,
          null,
          1,
          1,
          1,
          1,
          1,
          14,
          null,
          null,
          14,
          0,
          0,
          null,
          null,
          0,
          null,
          0,
          0,
          null,
          null,
          null,
          null,
          14,
          5,
          9,
          null,
          1,
          null,
          null,
          null,
          null,
          14,
          1,
          null,
          null,
          14,
          null,
          null,
          1,
          null,
          1,
          0,
          0,
          0,
          0,
          0,
          null,
          0,
          null,
          0,
          null,
          null,
          0,
          0,
          null,
          null,
          0,
          0,
          0,
          0,
          null,
          null,
          null,
          1,
          null,
          null,
          1,
          null,
          null,
          null,
          null,
          null
        ]
      }
    },
    "timestamp": 1765950533
  }
}
